<?xml version="1.0" encoding="UTF-8"?>
<!-- Generated by org.testng.reporters.JUnitXMLReporter -->
<testsuite ignored="5" hostname="prabu" failures="0" tests="1" name="Locked User" time="2.266" errors="0" timestamp="12 Jun 2021 14:30:22 GMT">
  <testcase classname="com.saucedemo.TestLoginPositive" name="lockedOutUserTest" time="0.259"/>
  <testcase classname="com.saucedemo.TestLoginPositive" name="postiveLoginTest" time="0.0">
    <ignored/>
  </testcase> <!-- postiveLoginTest -->
  <testcase classname="com.saucedemo.TestLoginPositive" name="performanceUserTest" time="0.0">
    <ignored/>
  </testcase> <!-- performanceUserTest -->
  <testcase classname="com.saucedemo.TestLoginPositive" name="problemUserTest" time="0.0">
    <ignored/>
  </testcase> <!-- problemUserTest -->
  <testcase classname="com.saucedemo.TestLoginPositive" name="addOneProductToCart" time="0.0">
    <ignored/>
  </testcase> <!-- addOneProductToCart -->
  <testcase classname="com.saucedemo.TestLoginPositive" name="addMultipleProducts" time="0.0">
    <ignored/>
  </testcase> <!-- addMultipleProducts -->
</testsuite> <!-- Locked User -->
