<?xml version="1.0" encoding="UTF-8"?>
<!-- Generated by org.testng.reporters.JUnitXMLReporter -->
<testsuite ignored="3" hostname="prabu" failures="0" tests="3" name="Positive User" time="17.573" errors="0" timestamp="12 Jun 2021 14:30:20 GMT">
  <testcase classname="com.saucedemo.TestLoginPositive" name="postiveLoginTest" time="0.28"/>
  <testcase classname="com.saucedemo.TestLoginPositive" name="addOneProductToCart" time="4.748"/>
  <testcase classname="com.saucedemo.TestLoginPositive" name="addMultipleProducts" time="4.909"/>
  <testcase classname="com.saucedemo.TestLoginPositive" name="performanceUserTest" time="0.0">
    <ignored/>
  </testcase> <!-- performanceUserTest -->
  <testcase classname="com.saucedemo.TestLoginPositive" name="problemUserTest" time="0.0">
    <ignored/>
  </testcase> <!-- problemUserTest -->
  <testcase classname="com.saucedemo.TestLoginPositive" name="lockedOutUserTest" time="0.0">
    <ignored/>
  </testcase> <!-- lockedOutUserTest -->
</testsuite> <!-- Positive User -->
