<?xml version="1.0" encoding="UTF-8"?>
<testng-results ignored="18" total="24" passed="6" failed="0" skipped="0">
  <reporter-output>
  </reporter-output>
  <suite started-at="2021-06-12T14:30:02Z" name="All Test" finished-at="2021-06-12T14:30:34Z" duration-ms="31993">
    <groups>
    </groups>
    <test started-at="2021-06-12T14:30:02Z" name="Positive User" finished-at="2021-06-12T14:30:20Z" duration-ms="17573">
      <class name="com.saucedemo.TestLoginPositive">
        <test-method is-config="true" signature="launchDriver()[pri:0, instance:com.saucedemo.TestLoginPositive@77f80c04]" started-at="2021-06-12T14:30:02Z" name="launchDriver" finished-at="2021-06-12T14:30:06Z" duration-ms="3881" status="PASS">
          <reporter-output>
          </reporter-output>
        </test-method> <!-- launchDriver -->
        <test-method signature="postiveLoginTest(java.lang.String, java.lang.String)[pri:0, instance:com.saucedemo.TestLoginPositive@77f80c04]" started-at="2021-06-12T14:30:06Z" name="postiveLoginTest" finished-at="2021-06-12T14:30:06Z" duration-ms="280" status="PASS">
          <params>
            <param index="0">
              <value>
                <![CDATA[standard_user]]>
              </value>
            </param>
            <param index="1">
              <value>
                <![CDATA[secret_sauce]]>
              </value>
            </param>
          </params>
          <reporter-output>
          </reporter-output>
        </test-method> <!-- postiveLoginTest -->
        <test-method is-config="true" signature="shutDownDriver()[pri:0, instance:com.saucedemo.TestLoginPositive@77f80c04]" started-at="2021-06-12T14:30:06Z" name="shutDownDriver" finished-at="2021-06-12T14:30:07Z" duration-ms="83" status="PASS">
          <reporter-output>
          </reporter-output>
        </test-method> <!-- shutDownDriver -->
        <test-method is-config="true" signature="launchDriver()[pri:0, instance:com.saucedemo.TestLoginPositive@77f80c04]" started-at="2021-06-12T14:30:07Z" name="launchDriver" finished-at="2021-06-12T14:30:08Z" duration-ms="1753" status="PASS">
          <reporter-output>
          </reporter-output>
        </test-method> <!-- launchDriver -->
        <test-method signature="addOneProductToCart(java.lang.String, java.lang.String)[pri:0, instance:com.saucedemo.TestLoginPositive@77f80c04]" started-at="2021-06-12T14:30:08Z" name="addOneProductToCart" finished-at="2021-06-12T14:30:13Z" duration-ms="4748" status="PASS">
          <params>
            <param index="0">
              <value>
                <![CDATA[standard_user]]>
              </value>
            </param>
            <param index="1">
              <value>
                <![CDATA[secret_sauce]]>
              </value>
            </param>
          </params>
          <reporter-output>
          </reporter-output>
        </test-method> <!-- addOneProductToCart -->
        <test-method is-config="true" signature="shutDownDriver()[pri:0, instance:com.saucedemo.TestLoginPositive@77f80c04]" started-at="2021-06-12T14:30:13Z" name="shutDownDriver" finished-at="2021-06-12T14:30:13Z" duration-ms="141" status="PASS">
          <reporter-output>
          </reporter-output>
        </test-method> <!-- shutDownDriver -->
        <test-method is-config="true" signature="launchDriver()[pri:0, instance:com.saucedemo.TestLoginPositive@77f80c04]" started-at="2021-06-12T14:30:13Z" name="launchDriver" finished-at="2021-06-12T14:30:15Z" duration-ms="1666" status="PASS">
          <reporter-output>
          </reporter-output>
        </test-method> <!-- launchDriver -->
        <test-method signature="addMultipleProducts(java.lang.String, java.lang.String)[pri:0, instance:com.saucedemo.TestLoginPositive@77f80c04]" started-at="2021-06-12T14:30:15Z" name="addMultipleProducts" finished-at="2021-06-12T14:30:20Z" duration-ms="4909" status="PASS">
          <params>
            <param index="0">
              <value>
                <![CDATA[standard_user]]>
              </value>
            </param>
            <param index="1">
              <value>
                <![CDATA[secret_sauce]]>
              </value>
            </param>
          </params>
          <reporter-output>
          </reporter-output>
        </test-method> <!-- addMultipleProducts -->
        <test-method is-config="true" signature="shutDownDriver()[pri:0, instance:com.saucedemo.TestLoginPositive@77f80c04]" started-at="2021-06-12T14:30:20Z" name="shutDownDriver" finished-at="2021-06-12T14:30:20Z" duration-ms="91" status="PASS">
          <reporter-output>
          </reporter-output>
        </test-method> <!-- shutDownDriver -->
      </class> <!-- com.saucedemo.TestLoginPositive -->
    </test> <!-- Positive User -->
    <test started-at="2021-06-12T14:30:20Z" name="Locked User" finished-at="2021-06-12T14:30:22Z" duration-ms="2266">
      <class name="com.saucedemo.TestLoginPositive">
        <test-method is-config="true" signature="launchDriver()[pri:0, instance:com.saucedemo.TestLoginPositive@3e96bacf]" started-at="2021-06-12T14:30:20Z" name="launchDriver" finished-at="2021-06-12T14:30:22Z" duration-ms="1926" status="PASS">
          <reporter-output>
          </reporter-output>
        </test-method> <!-- launchDriver -->
        <test-method signature="lockedOutUserTest(java.lang.String, java.lang.String)[pri:0, instance:com.saucedemo.TestLoginPositive@3e96bacf]" started-at="2021-06-12T14:30:22Z" name="lockedOutUserTest" finished-at="2021-06-12T14:30:22Z" duration-ms="259" status="PASS">
          <params>
            <param index="0">
              <value>
                <![CDATA[locked_out_user]]>
              </value>
            </param>
            <param index="1">
              <value>
                <![CDATA[secret_sauce]]>
              </value>
            </param>
          </params>
          <reporter-output>
          </reporter-output>
        </test-method> <!-- lockedOutUserTest -->
        <test-method is-config="true" signature="shutDownDriver()[pri:0, instance:com.saucedemo.TestLoginPositive@3e96bacf]" started-at="2021-06-12T14:30:22Z" name="shutDownDriver" finished-at="2021-06-12T14:30:22Z" duration-ms="78" status="PASS">
          <reporter-output>
          </reporter-output>
        </test-method> <!-- shutDownDriver -->
      </class> <!-- com.saucedemo.TestLoginPositive -->
    </test> <!-- Locked User -->
    <test started-at="2021-06-12T14:30:22Z" name="Prob User" finished-at="2021-06-12T14:30:27Z" duration-ms="5078">
      <class name="com.saucedemo.TestLoginPositive">
        <test-method is-config="true" signature="launchDriver()[pri:0, instance:com.saucedemo.TestLoginPositive@55740540]" started-at="2021-06-12T14:30:22Z" name="launchDriver" finished-at="2021-06-12T14:30:24Z" duration-ms="1598" status="PASS">
          <reporter-output>
          </reporter-output>
        </test-method> <!-- launchDriver -->
        <test-method signature="problemUserTest(java.lang.String, java.lang.String)[pri:0, instance:com.saucedemo.TestLoginPositive@55740540]" started-at="2021-06-12T14:30:24Z" name="problemUserTest" finished-at="2021-06-12T14:30:27Z" duration-ms="3392" status="PASS">
          <params>
            <param index="0">
              <value>
                <![CDATA[problem_user]]>
              </value>
            </param>
            <param index="1">
              <value>
                <![CDATA[secret_sauce]]>
              </value>
            </param>
          </params>
          <reporter-output>
          </reporter-output>
        </test-method> <!-- problemUserTest -->
        <test-method is-config="true" signature="shutDownDriver()[pri:0, instance:com.saucedemo.TestLoginPositive@55740540]" started-at="2021-06-12T14:30:27Z" name="shutDownDriver" finished-at="2021-06-12T14:30:27Z" duration-ms="86" status="PASS">
          <reporter-output>
          </reporter-output>
        </test-method> <!-- shutDownDriver -->
      </class> <!-- com.saucedemo.TestLoginPositive -->
    </test> <!-- Prob User -->
    <test started-at="2021-06-12T14:30:27Z" name="Perf User" finished-at="2021-06-12T14:30:34Z" duration-ms="7027">
      <class name="com.saucedemo.TestLoginPositive">
        <test-method is-config="true" signature="launchDriver()[pri:0, instance:com.saucedemo.TestLoginPositive@50caa560]" started-at="2021-06-12T14:30:27Z" name="launchDriver" finished-at="2021-06-12T14:30:29Z" duration-ms="1631" status="PASS">
          <reporter-output>
          </reporter-output>
        </test-method> <!-- launchDriver -->
        <test-method signature="performanceUserTest(java.lang.String, java.lang.String)[pri:0, instance:com.saucedemo.TestLoginPositive@50caa560]" started-at="2021-06-12T14:30:29Z" name="performanceUserTest" finished-at="2021-06-12T14:30:34Z" duration-ms="5304" status="PASS">
          <params>
            <param index="0">
              <value>
                <![CDATA[performance_glitch_user]]>
              </value>
            </param>
            <param index="1">
              <value>
                <![CDATA[secret_sauce]]>
              </value>
            </param>
          </params>
          <reporter-output>
          </reporter-output>
        </test-method> <!-- performanceUserTest -->
        <test-method is-config="true" signature="shutDownDriver()[pri:0, instance:com.saucedemo.TestLoginPositive@50caa560]" started-at="2021-06-12T14:30:34Z" name="shutDownDriver" finished-at="2021-06-12T14:30:34Z" duration-ms="90" status="PASS">
          <reporter-output>
          </reporter-output>
        </test-method> <!-- shutDownDriver -->
      </class> <!-- com.saucedemo.TestLoginPositive -->
    </test> <!-- Perf User -->
  </suite> <!-- All Test -->
</testng-results>
